<?xml version="1.0" encoding="UTF-8"?>
<!-- Generated by org.testng.reporters.JUnitReportReporter -->
<testsuite hostname="DESKTOP-2CLQ3IQ" failures="0" tests="2" name="wiz.testscript.FlowTest" time="0.044" errors="0" timestamp="2024-09-10T15:44:34 IST" skipped="0">
  <testcase classname="wiz.testscript.FlowTest" name="LoginPage" time="0.006"/>
  <system-out/>
  <testcase classname="wiz.testscript.FlowTest" name="Home" time="0.038"/>
  <system-out/>
</testsuite> <!-- wiz.testscript.FlowTest -->
